==14984== Memcheck, a memory error detector
==14984== Copyright (C) 2002-2011, and GNU GPL'd, by Julian Seward et al.
==14984== Using Valgrind-3.7.0 and LibVEX; rerun with -h for copyright info
==14984== Command: ./pa01
==14984== Parent PID: 13814
==14984== 
--14984-- 
--14984-- Valgrind options:
--14984--    --suppressions=/usr/lib/valgrind/debian-libc6-dbg.supp
--14984--    --tool=memcheck
--14984--    --leak-check=full
--14984--    --verbose
--14984--    --log-file=memcheck.log
--14984-- Contents of /proc/version:
--14984--   Linux version 3.11.0-19-generic (buildd@allspice) (gcc version 4.6.3 (Ubuntu/Linaro 4.6.3-1ubuntu5) ) #33~precise1-Ubuntu SMP Wed Mar 12 21:16:27 UTC 2014
--14984-- Arch and hwcaps: AMD64, amd64-sse3-cx16
--14984-- Page sizes: currently 4096, max supported 4096
--14984-- Valgrind library directory: /usr/lib/valgrind
--14984-- Reading syms from /home/mahreen/ECE264/solutions/Summer2014/PA01/pa01 (0x400000)
--14984-- Reading syms from /lib/x86_64-linux-gnu/ld-2.15.so (0x4000000)
--14984--   Considering /lib/x86_64-linux-gnu/ld-2.15.so ..
--14984--   .. CRC mismatch (computed 20469de9 wanted af909ff1)
--14984--   Considering /usr/lib/debug/lib/x86_64-linux-gnu/ld-2.15.so ..
--14984--   .. CRC is valid
--14984-- Reading syms from /usr/lib/valgrind/memcheck-amd64-linux (0x38000000)
--14984--   Considering /usr/lib/valgrind/memcheck-amd64-linux ..
--14984--   .. CRC mismatch (computed fd32bc40 wanted 1b1bde8c)
--14984--    object doesn't have a symbol table
--14984--    object doesn't have a dynamic symbol table
--14984-- Reading suppressions file: /usr/lib/valgrind/debian-libc6-dbg.supp
--14984-- Reading suppressions file: /usr/lib/valgrind/default.supp
==14984== embedded gdbserver: reading from /tmp/vgdb-pipe-from-vgdb-to-14984-by-mahreen-on-???
==14984== embedded gdbserver: writing to   /tmp/vgdb-pipe-to-vgdb-from-14984-by-mahreen-on-???
==14984== embedded gdbserver: shared mem   /tmp/vgdb-pipe-shared-mem-vgdb-14984-by-mahreen-on-???
==14984== 
==14984== TO CONTROL THIS PROCESS USING vgdb (which you probably
==14984== don't want to do, unless you know exactly what you're doing,
==14984== or are doing some strange experiment):
==14984==   /usr/lib/valgrind/../../bin/vgdb --pid=14984 ...command...
==14984== 
==14984== TO DEBUG THIS PROCESS USING GDB: start GDB like this
==14984==   /path/to/gdb ./pa01
==14984== and then give GDB the following command
==14984==   target remote | /usr/lib/valgrind/../../bin/vgdb --pid=14984
==14984== --pid is optional if only one valgrind process is running
==14984== 
--14984-- REDIR: 0x40189f0 (strlen) redirected to 0x380625c7 (???)
--14984-- Reading syms from /usr/lib/valgrind/vgpreload_core-amd64-linux.so (0x4a25000)
--14984--   Considering /usr/lib/valgrind/vgpreload_core-amd64-linux.so ..
--14984--   .. CRC mismatch (computed 8f05ac98 wanted c6d0ab1a)
--14984--    object doesn't have a symbol table
--14984-- Reading syms from /usr/lib/valgrind/vgpreload_memcheck-amd64-linux.so (0x4c27000)
--14984--   Considering /usr/lib/valgrind/vgpreload_memcheck-amd64-linux.so ..
--14984--   .. CRC mismatch (computed fc059af4 wanted ffc668e8)
--14984--    object doesn't have a symbol table
--14984-- REDIR: 0x4018860 (index) redirected to 0x4c2bc60 (index)
--14984-- REDIR: 0x40188e0 (strcmp) redirected to 0x4c2cc20 (strcmp)
--14984-- Reading syms from /lib/x86_64-linux-gnu/libc-2.15.so (0x4e32000)
--14984--   Considering /lib/x86_64-linux-gnu/libc-2.15.so ..
--14984--   .. CRC mismatch (computed 2e9c874c wanted 728bfc8e)
--14984--   Considering /usr/lib/debug/lib/x86_64-linux-gnu/libc-2.15.so ..
--14984--   .. CRC is valid
--14984-- REDIR: 0x4ebee40 (strcasecmp) redirected to 0x4a25610 (_vgnU_ifunc_wrapper)
--14984-- REDIR: 0x4ebb1e0 (strnlen) redirected to 0x4a25610 (_vgnU_ifunc_wrapper)
--14984-- REDIR: 0x4ec1110 (strncasecmp) redirected to 0x4a25610 (_vgnU_ifunc_wrapper)
--14984-- REDIR: 0x4ebcbd0 (__GI_strrchr) redirected to 0x4c2ba80 (__GI_strrchr)
--14984-- REDIR: 0x4ebb100 (__GI_strlen) redirected to 0x4c2bfc0 (__GI_strlen)
--14984-- REDIR: 0x4ec4d10 (strchrnul) redirected to 0x4c2e3b0 (strchrnul)
--14984-- REDIR: 0x4eb5530 (free) redirected to 0x4c2a7c0 (free)
==14984== 
==14984== HEAP SUMMARY:
==14984==     in use at exit: 0 bytes in 0 blocks
==14984==   total heap usage: 0 allocs, 0 frees, 0 bytes allocated
==14984== 
==14984== All heap blocks were freed -- no leaks are possible
==14984== 
==14984== ERROR SUMMARY: 0 errors from 0 contexts (suppressed: 2 from 2)
--14984-- 
--14984-- used_suppression:      2 dl-hack3-cond-1
==14984== 
==14984== ERROR SUMMARY: 0 errors from 0 contexts (suppressed: 2 from 2)
